============================================================
  Generated by:           Genus(TM) Synthesis Solution 20.10-p001_1
  Generated on:           Mar 13 2025  07:30:38 pm
  Module:                 cva6
  Operating conditions:   PVT_0P7V_25C (balanced_tree)
  Wireload mode:          enclosed
  Area mode:              timing library
============================================================


Path 1: VIOLATED (-1461 ps) Setup Check with Pin gen_cache_wt.i_cache_subsystem/i_wt_dcache/i_wt_dcache_wbuffer_wbuffer_q_reg[2][valid][3]/CLK->D
          Group: main_clk
     Startpoint: (R) issue_stage_i_i_issue_read_operands_lsu_valid_q_reg[0]/CLK
          Clock: (R) main_clk
       Endpoint: (R) gen_cache_wt.i_cache_subsystem/i_wt_dcache/i_wt_dcache_wbuffer_wbuffer_q_reg[2][valid][3]/D
          Clock: (R) main_clk

                     Capture       Launch     
        Clock Edge:+      10            0     
       Src Latency:+       0            0     
       Net Latency:+       0 (I)        0 (I) 
           Arrival:=      10            0     
                                              
             Setup:-      23                  
     Required Time:=     -13                  
      Launch Clock:-       0                  
         Data Path:-    1448                  
             Slack:=   -1461                  

#------------------------------------------------------------------------------------------------------------------------------------------------------------------------------------
#                                        Timing Point                                         Flags    Arc    Edge          Cell            Fanout Load Trans Delay Arrival Instance 
#                                                                                                                                                  (fF)  (ps)  (ps)   (ps)  Location 
#------------------------------------------------------------------------------------------------------------------------------------------------------------------------------------
  issue_stage_i_i_issue_read_operands_lsu_valid_q_reg[0]/CLK                                  -       -       R     (arrival)                23143    -     0     0       0    (-,-) 
  issue_stage_i_i_issue_read_operands_lsu_valid_q_reg[0]/QN                                   -       CLK->QN F     DFFASRHQNx1_ASAP7_75t_R      1  1.2    26    54      54    (-,-) 
  g132807/Y                                                                                   -       A->Y    F     BUFx6f_ASAP7_75t_R          15 10.6    17    28      83    (-,-) 
  ex_stage_i/g189817/Y                                                                        -       A->Y    R     INVx1_ASAP7_75t_R            2  0.6    11    10      93    (-,-) 
  ex_stage_i/g188897/Y                                                                        -       B->Y    F     NOR2xp33_ASAP7_75t_R         2  0.8    22    16     108    (-,-) 
  ex_stage_i/lsu_i/add_183_56_g9343/Y                                                         -       B->Y    R     NOR2xp33_ASAP7_75t_R         2  0.7    26    19     128    (-,-) 
  ex_stage_i/lsu_i/add_183_56_g9179/Y                                                         -       B->Y    F     NOR2xp33_ASAP7_75t_R         1  0.3    14    14     142    (-,-) 
  ex_stage_i/lsu_i/add_183_56_g9077/Y                                                         -       B->Y    R     NOR2xp33_ASAP7_75t_R         2  0.7    24    17     159    (-,-) 
  ex_stage_i/lsu_i/add_183_56_g8948/Y                                                         -       B->Y    F     NOR2xp33_ASAP7_75t_R         1  0.3    14    14     173    (-,-) 
  ex_stage_i/lsu_i/add_183_56_g8890/Y                                                         -       B->Y    R     NOR2xp33_ASAP7_75t_R         2  0.6    22    16     188    (-,-) 
  ex_stage_i/lsu_i/add_183_56_g8792/Y                                                         -       B->Y    F     NOR2xp33_ASAP7_75t_R         1  0.3    13    13     202    (-,-) 
  ex_stage_i/lsu_i/add_183_56_g8760/Y                                                         -       B->Y    R     NOR2xp33_ASAP7_75t_R         1  0.5    19    14     216    (-,-) 
  ex_stage_i/lsu_i/add_183_56_g8683/Y                                                         -       A->Y    F     NAND2xp5_ASAP7_75t_R         2  0.9    16    13     230    (-,-) 
  ex_stage_i/lsu_i/add_183_56_g8628/Y                                                         -       A->Y    R     NAND2xp5_ASAP7_75t_R         1  1.0    20    16     245    (-,-) 
  ex_stage_i/lsu_i/add_183_56_g8586/Y                                                         -       A->Y    R     AND2x4_ASAP7_75t_R          17  6.9    20    27     273    (-,-) 
  ex_stage_i/lsu_i/fopt668888/Y                                                               -       A->Y    F     INVxp67_ASAP7_75t_R          2  0.8    13    12     285    (-,-) 
  ex_stage_i/lsu_i/add_183_56_g8554/Y                                                         -       B->Y    R     NAND2xp33_ASAP7_75t_R        1  0.5    21    15     300    (-,-) 
  ex_stage_i/lsu_i/add_183_56_g8501/Y                                                         -       A->Y    F     NAND2xp5_ASAP7_75t_R         1  1.0    18    14     314    (-,-) 
  ex_stage_i/lsu_i/add_183_56_g8454/Y                                                         -       B->Y    R     XNOR2xp5_ASAP7_75t_R         2  0.7    23    18     332    (-,-) 
  ex_stage_i/lsu_i/fopt669070/Y                                                               -       A->Y    F     INVxp67_ASAP7_75t_R          2  0.8    14    13     345    (-,-) 
  ex_stage_i/lsu_i/fopt669069/Y                                                               -       A->Y    R     INVxp67_ASAP7_75t_R          1  0.5    11    10     355    (-,-) 
  ex_stage_i/lsu_i/g663298/Y                                                                  -       C->Y    F     NAND4xp25_ASAP7_75t_R        1  0.5    30    18     373    (-,-) 
  ex_stage_i/lsu_i/g662075/Y                                                                  -       A->Y    F     OR2x2_ASAP7_75t_R            2  1.8    13    30     404    (-,-) 
  ex_stage_i/lsu_i/g654920/Y                                                                  -       C->Y    R     NOR3x1_ASAP7_75t_R           1  1.0    22    15     419    (-,-) 
  ex_stage_i/lsu_i/g654826/Y                                                                  -       B->Y    R     OR2x6_ASAP7_75t_R            6  7.8    18    30     449    (-,-) 
  ex_stage_i/lsu_i/g654490/Y                                                                  -       B->Y    R     AND2x6_ASAP7_75t_R          32 13.0    26    34     483    (-,-) 
  ex_stage_i/lsu_i/g653893/Y                                                                  -       B->Y    F     NOR2xp33_ASAP7_75t_R         1  0.5    18    17     500    (-,-) 
  ex_stage_i/lsu_i/g653557/Y                                                                  -       A->Y    F     OR2x2_ASAP7_75t_R            3  3.1    17    30     530    (-,-) 
  ex_stage_i/lsu_i/g653367/Y                                                                  -       A->Y    R     INVx4_ASAP7_75t_R           13  7.6    20    16     546    (-,-) 
  ex_stage_i/lsu_i/g653351/Y                                                                  -       A->Y    F     INVx4_ASAP7_75t_R           13  4.6    13    12     558    (-,-) 
  ex_stage_i/lsu_i/g652411/Y                                                                  -       B->Y    R     NAND2xp33_ASAP7_75t_R        1  0.5    22    15     573    (-,-) 
  ex_stage_i/lsu_i/g650520/Y                                                                  -       A->Y    F     NAND2xp5_ASAP7_75t_R         1  0.5    12    11     584    (-,-) 
  ex_stage_i/lsu_i/g649580/Y                                                                  -       B->Y    R     NAND2xp5_ASAP7_75t_R         1  0.5    16    10     594    (-,-) 
  ex_stage_i/lsu_i/g648106/Y                                                                  -       B->Y    F     NAND3xp33_ASAP7_75t_R        1  0.5    18    14     608    (-,-) 
  ex_stage_i/lsu_i/g647674/Y                                                                  -       B->Y    F     AND2x2_ASAP7_75t_R           1  1.0     9    23     631    (-,-) 
  ex_stage_i/lsu_i/g647592/Y                                                                  -       B->Y    R     NOR2x1_ASAP7_75t_R           1  0.5    10     8     639    (-,-) 
  ex_stage_i/lsu_i/g647450/Y                                                                  -       B->Y    F     NAND2xp5_ASAP7_75t_R         1  0.5    11     9     649    (-,-) 
  ex_stage_i/lsu_i/g647330/Y                                                                  -       B->Y    R     NAND2xp5_ASAP7_75t_R         1  0.5    14    10     659    (-,-) 
  ex_stage_i/lsu_i/g647252/Y                                                                  -       A->Y    F     NAND3xp33_ASAP7_75t_R        2  1.0    26    18     676    (-,-) 
  ex_stage_i/lsu_i/g647206/Y                                                                  -       A->Y    R     NAND3xp33_ASAP7_75t_R        1  1.0    22    19     695    (-,-) 
  ex_stage_i/lsu_i/g647178/Y                                                                  -       B->Y    F     NAND2x1_ASAP7_75t_R          1  1.4    16    13     709    (-,-) 
  ex_stage_i/lsu_i/g647159/Y                                                                  -       A->Y    R     NAND2x1p5_ASAP7_75t_R        5  2.0    18    15     724    (-,-) 
  ex_stage_i/lsu_i/g647150/Y                                                                  -       A->Y    F     INVx1_ASAP7_75t_R            1  1.0    11    11     735    (-,-) 
  ex_stage_i/lsu_i/g647147/Y                                                                  -       B->Y    R     NOR2x1_ASAP7_75t_R           3  1.5    20    13     748    (-,-) 
  ex_stage_i/lsu_i/g647138/Y                                                                  -       A->Y    F     INVxp67_ASAP7_75t_R          1  0.5    11    10     759    (-,-) 
  ex_stage_i/lsu_i/g647105/Y                                                                  -       B->Y    R     NAND2xp5_ASAP7_75t_R         1  0.5    13    10     769    (-,-) 
  ex_stage_i/lsu_i/g647081/Y                                                                  -       B->Y    F     NAND3xp33_ASAP7_75t_R        1  0.5    18    14     782    (-,-) 
  ex_stage_i/lsu_i/g647071/Y                                                                  -       B->Y    R     NAND2xp5_ASAP7_75t_R         1  0.5    14    12     794    (-,-) 
  ex_stage_i/lsu_i/g647065/Y                                                                  -       B->Y    F     NAND2xp5_ASAP7_75t_R         2  0.8    15    12     807    (-,-) 
  ex_stage_i/lsu_i/g647060/Y                                                                  -       B->Y    R     NAND2xp5_ASAP7_75t_R         1  0.5    14    11     818    (-,-) 
  ex_stage_i/lsu_i/g647050/Y                                                                  -       B->Y    R     AND2x2_ASAP7_75t_R           1  1.5    12    22     840    (-,-) 
  ex_stage_i/lsu_i/g647044/Y                                                                  -       B->Y    F     NAND2x1p5_ASAP7_75t_R        2  1.5    12    10     850    (-,-) 
  gen_cache_wt.i_cache_subsystem/i_wt_dcache/fopt30/Y                                         -       A->Y    R     INVx2_ASAP7_75t_R            3  2.8    15    12     862    (-,-) 
  gen_cache_wt.i_cache_subsystem/i_wt_dcache/g104494/Y                                        -       B->Y    F     NAND2x1p5_ASAP7_75t_R        2  1.2    12    10     872    (-,-) 
  gen_cache_wt.i_cache_subsystem/i_wt_dcache/g104368/Y                                        -       A->Y    F     BUFx3_ASAP7_75t_R           10  4.0    14    23     894    (-,-) 
  gen_cache_wt.i_cache_subsystem/i_wt_dcache/g104367/Y                                        -       A->Y    F     BUFx3_ASAP7_75t_R            8  4.0    14    23     918    (-,-) 
  gen_cache_wt.i_cache_subsystem/i_wt_dcache/g104099/Y                                        -       B->Y    R     NAND2xp5_ASAP7_75t_R         1  0.5    18    11     929    (-,-) 
  gen_cache_wt.i_cache_subsystem/i_wt_dcache/g103443/Y                                        -       A->Y    F     NAND2xp5_ASAP7_75t_R         2  1.4    23    16     945    (-,-) 
  gen_cache_wt.i_cache_subsystem/i_wt_dcache/i_wt_dcache_mem/g12933/Y                         -       B->Y    R     NAND2x1_ASAP7_75t_R          1  1.0    33    15     960    (-,-) 
  gen_cache_wt.i_cache_subsystem/i_wt_dcache/i_wt_dcache_mem/g12806/Y                         -       B->Y    R     AND2x4_ASAP7_75t_R           9  7.4    22    32     992    (-,-) 
  gen_cache_wt.i_cache_subsystem/i_wt_dcache/i_wt_dcache_mem/g12157/Y                         -       B->Y    R     XNOR2xp5_ASAP7_75t_R         1  0.5    20    20    1013    (-,-) 
  gen_cache_wt.i_cache_subsystem/i_wt_dcache/i_wt_dcache_mem/g11901/Y                         -       A->Y    F     NAND2xp5_ASAP7_75t_R         1  0.3    11    10    1022    (-,-) 
  gen_cache_wt.i_cache_subsystem/i_wt_dcache/i_wt_dcache_mem/g11854/Y                         -       A->Y    R     NOR2xp33_ASAP7_75t_R         1  0.3    14    12    1034    (-,-) 
  gen_cache_wt.i_cache_subsystem/i_wt_dcache/i_wt_dcache_mem/g11818/Y                         -       A->Y    F     NAND2xp33_ASAP7_75t_R        1  0.5    14    11    1045    (-,-) 
  gen_cache_wt.i_cache_subsystem/i_wt_dcache/i_wt_dcache_mem/g11767/Y                         -       C->Y    R     NOR3xp33_ASAP7_75t_R         1  0.5    26    18    1064    (-,-) 
  gen_cache_wt.i_cache_subsystem/i_wt_dcache/i_wt_dcache_mem/g11758/Y                         -       B->Y    R     AND2x2_ASAP7_75t_R           2  0.7     9    24    1087    (-,-) 
  gen_cache_wt.i_cache_subsystem/i_wt_dcache/i_wt_dcache_mem/fopt77365/Y                      -       A->Y    F     INVxp67_ASAP7_75t_R          2  0.8    11     9    1096    (-,-) 
  gen_cache_wt.i_cache_subsystem/i_wt_dcache/i_wt_dcache_mem/fopt77362/Y                      -       A->Y    R     INVxp67_ASAP7_75t_R          2  1.3    20    14    1111    (-,-) 
  gen_cache_wt.i_cache_subsystem/i_wt_dcache/fopt108703/Y                                     -       A->Y    R     BUFx3_ASAP7_75t_R            2  1.6    10    21    1131    (-,-) 
  gen_cache_wt.i_cache_subsystem/i_wt_dcache/g8679/Y                                          -       C->Y    F     NOR3x1_ASAP7_75t_R           1  1.3    19    15    1147    (-,-) 
  gen_cache_wt.i_cache_subsystem/i_wt_dcache/g8674/Y                                          -       A->Y    R     NAND3x1_ASAP7_75t_R          3  1.4    29    18    1164    (-,-) 
  gen_cache_wt.i_cache_subsystem/i_wt_dcache/g8662/Y                                          -       A->Y    F     NAND2xp5_ASAP7_75t_R         1  0.5    13    12    1176    (-,-) 
  gen_cache_wt.i_cache_subsystem/i_wt_dcache/g8644/Y                                          -       A->Y    R     NAND2xp5_ASAP7_75t_R         2  0.7    15    13    1189    (-,-) 
  gen_cache_wt.i_cache_subsystem/i_wt_dcache/fopt108689/Y                                     -       A->Y    F     INVxp67_ASAP7_75t_R          2  0.7    11    10    1200    (-,-) 
  gen_cache_wt.i_cache_subsystem/i_wt_dcache/g8609/Y                                          -       B->Y    R     NAND2xp33_ASAP7_75t_R        1  0.5    22    14    1214    (-,-) 
  gen_cache_wt.i_cache_subsystem/i_wt_dcache/g8599/Y                                          -       A->Y    F     NAND2xp5_ASAP7_75t_R         3  1.2    21    16    1230    (-,-) 
  gen_cache_wt.i_cache_subsystem/i_wt_dcache/i_wt_dcache_mem/g73684/Y                         -       B->Y    R     NAND2xp5_ASAP7_75t_R         1  0.5    15    13    1243    (-,-) 
  gen_cache_wt.i_cache_subsystem/i_wt_dcache/i_wt_dcache_mem/g72223/Y                         -       B->Y    F     NAND2xp5_ASAP7_75t_R         2  0.8    15    12    1255    (-,-) 
  gen_cache_wt.i_cache_subsystem/i_wt_dcache/i_wt_dcache_mem/g71729/Y                         -       B->Y    R     NAND2xp5_ASAP7_75t_R         1  0.5    25    11    1267    (-,-) 
  gen_cache_wt.i_cache_subsystem/i_wt_dcache/i_wt_dcache_mem/g71673/Y                         -       B->Y    F     NAND2xp5_ASAP7_75t_R         1  0.5    14    12    1279    (-,-) 
  gen_cache_wt.i_cache_subsystem/i_wt_dcache/i_wt_dcache_mem/g71633/Y                         -       B->Y    R     NAND2xp5_ASAP7_75t_R         1  0.5    19    11    1290    (-,-) 
  gen_cache_wt.i_cache_subsystem/i_wt_dcache/i_wt_dcache_mem/g71598/Y                         -       B->Y    F     NAND2xp5_ASAP7_75t_R         1  0.4    12    11    1301    (-,-) 
  gen_cache_wt.i_cache_subsystem/i_wt_dcache/i_wt_dcache_mem/fopt77210/Y                      -       A->Y    R     INVxp67_ASAP7_75t_R          2  0.9    16    12    1313    (-,-) 
  gen_cache_wt.i_cache_subsystem/i_wt_dcache/g41935/Y                                         -       B->Y    R     OR2x2_ASAP7_75t_R            2  2.2    14    23    1336    (-,-) 
  gen_cache_wt.i_cache_subsystem/i_wt_dcache/fopt/Y                                           -       A->Y    F     INVx2_ASAP7_75t_R            1  1.0     7     7    1344    (-,-) 
  gen_cache_wt.i_cache_subsystem/i_wt_dcache/g41448/Y                                         -       A->Y    F     OR2x6_ASAP7_75t_R           12  7.7    17    30    1374    (-,-) 
  gen_cache_wt.i_cache_subsystem/i_wt_dcache/g41253/Y                                         -       B->Y    R     NOR2xp67_ASAP7_75t_R         4  1.2    33    16    1390    (-,-) 
  gen_cache_wt.i_cache_subsystem/i_wt_dcache/g41005/Y                                         -       B->Y    F     NAND2xp33_ASAP7_75t_R        1  0.5    50    16    1406    (-,-) 
  gen_cache_wt.i_cache_subsystem/i_wt_dcache/g40471/Y                                         -       B->Y    F     AND2x2_ASAP7_75t_R           1  1.0    10    32    1438    (-,-) 
  gen_cache_wt.i_cache_subsystem/i_wt_dcache/g37813/Y                                         -       B->Y    R     NOR2x1_ASAP7_75t_R           1  0.6    14     9    1448    (-,-) 
  gen_cache_wt.i_cache_subsystem/i_wt_dcache/i_wt_dcache_wbuffer_wbuffer_q_reg[2][valid][3]/D <<<     -       R     DFFASRHQNx1_ASAP7_75t_R      1    -     -     0    1448    (-,-) 
#------------------------------------------------------------------------------------------------------------------------------------------------------------------------------------

